-------------------------------------------------------------------------------
Test set: com.spring5.movieservice.MovieServiceApplicationTests
-------------------------------------------------------------------------------
Tests run: 1, Failures: 0, Errors: 1, Skipped: 0, Time elapsed: 2.447 s <<< FAILURE! - in com.spring5.movieservice.MovieServiceApplicationTests
contextLoads  Time elapsed: 0.002 s  <<< ERROR!
java.lang.IllegalStateException: Failed to load ApplicationContext
Caused by: org.springframework.beans.factory.UnsatisfiedDependencyException: Error creating bean with name 'userServiceImpl' defined in file [C:\Java-Projects\git\MovieBooking\MovieService\target\classes\com\spring5\movieservice\domain\controller\UserServiceImpl.class]: Unsatisfied dependency expressed through constructor parameter 0; nested exception is org.springframework.beans.factory.BeanCreationException: Error creating bean with name 'userRepository' defined in com.spring5.movieservice.domain.repository.UserRepository defined in @EnableR2dbcRepositories declared on R2dbcRepositoriesAutoConfigureRegistrar.EnableR2dbcRepositoriesConfiguration: Cannot resolve reference to bean 'r2dbcEntityTemplate' while setting bean property 'entityOperations'; nested exception is org.springframework.beans.factory.UnsatisfiedDependencyException: Error creating bean with name 'org.springframework.boot.autoconfigure.data.r2dbc.R2dbcDataAutoConfiguration': Unsatisfied dependency expressed through constructor parameter 0; nested exception is org.springframework.beans.factory.UnsatisfiedDependencyException: Error creating bean with name 'r2dbcDatabaseClient' defined in class path resource [org/springframework/boot/autoconfigure/r2dbc/ConnectionFactoryDependentConfiguration.class]: Unsatisfied dependency expressed through method 'r2dbcDatabaseClient' parameter 0; nested exception is org.springframework.beans.factory.BeanCreationException: Error creating bean with name 'connectionFactory' defined in class path resource [org/springframework/boot/autoconfigure/r2dbc/ConnectionFactoryConfigurations$PoolConfiguration$PooledConnectionFactoryConfiguration.class]: Bean instantiation via factory method failed; nested exception is org.springframework.beans.BeanInstantiationException: Failed to instantiate [io.r2dbc.pool.ConnectionPool]: Factory method 'connectionFactory' threw exception; nested exception is java.lang.IllegalStateException: Unable to create a ConnectionFactory for 'ConnectionFactoryOptions{options={schema=MovieTracking, database=postgres, host=localhost, driver=postgresql, password=REDACTED, port=5432, user=root}}'. Available drivers: [ pool ]
Caused by: org.springframework.beans.factory.BeanCreationException: Error creating bean with name 'userRepository' defined in com.spring5.movieservice.domain.repository.UserRepository defined in @EnableR2dbcRepositories declared on R2dbcRepositoriesAutoConfigureRegistrar.EnableR2dbcRepositoriesConfiguration: Cannot resolve reference to bean 'r2dbcEntityTemplate' while setting bean property 'entityOperations'; nested exception is org.springframework.beans.factory.UnsatisfiedDependencyException: Error creating bean with name 'org.springframework.boot.autoconfigure.data.r2dbc.R2dbcDataAutoConfiguration': Unsatisfied dependency expressed through constructor parameter 0; nested exception is org.springframework.beans.factory.UnsatisfiedDependencyException: Error creating bean with name 'r2dbcDatabaseClient' defined in class path resource [org/springframework/boot/autoconfigure/r2dbc/ConnectionFactoryDependentConfiguration.class]: Unsatisfied dependency expressed through method 'r2dbcDatabaseClient' parameter 0; nested exception is org.springframework.beans.factory.BeanCreationException: Error creating bean with name 'connectionFactory' defined in class path resource [org/springframework/boot/autoconfigure/r2dbc/ConnectionFactoryConfigurations$PoolConfiguration$PooledConnectionFactoryConfiguration.class]: Bean instantiation via factory method failed; nested exception is org.springframework.beans.BeanInstantiationException: Failed to instantiate [io.r2dbc.pool.ConnectionPool]: Factory method 'connectionFactory' threw exception; nested exception is java.lang.IllegalStateException: Unable to create a ConnectionFactory for 'ConnectionFactoryOptions{options={schema=MovieTracking, database=postgres, host=localhost, driver=postgresql, password=REDACTED, port=5432, user=root}}'. Available drivers: [ pool ]
Caused by: org.springframework.beans.factory.UnsatisfiedDependencyException: Error creating bean with name 'org.springframework.boot.autoconfigure.data.r2dbc.R2dbcDataAutoConfiguration': Unsatisfied dependency expressed through constructor parameter 0; nested exception is org.springframework.beans.factory.UnsatisfiedDependencyException: Error creating bean with name 'r2dbcDatabaseClient' defined in class path resource [org/springframework/boot/autoconfigure/r2dbc/ConnectionFactoryDependentConfiguration.class]: Unsatisfied dependency expressed through method 'r2dbcDatabaseClient' parameter 0; nested exception is org.springframework.beans.factory.BeanCreationException: Error creating bean with name 'connectionFactory' defined in class path resource [org/springframework/boot/autoconfigure/r2dbc/ConnectionFactoryConfigurations$PoolConfiguration$PooledConnectionFactoryConfiguration.class]: Bean instantiation via factory method failed; nested exception is org.springframework.beans.BeanInstantiationException: Failed to instantiate [io.r2dbc.pool.ConnectionPool]: Factory method 'connectionFactory' threw exception; nested exception is java.lang.IllegalStateException: Unable to create a ConnectionFactory for 'ConnectionFactoryOptions{options={schema=MovieTracking, database=postgres, host=localhost, driver=postgresql, password=REDACTED, port=5432, user=root}}'. Available drivers: [ pool ]
Caused by: org.springframework.beans.factory.UnsatisfiedDependencyException: Error creating bean with name 'r2dbcDatabaseClient' defined in class path resource [org/springframework/boot/autoconfigure/r2dbc/ConnectionFactoryDependentConfiguration.class]: Unsatisfied dependency expressed through method 'r2dbcDatabaseClient' parameter 0; nested exception is org.springframework.beans.factory.BeanCreationException: Error creating bean with name 'connectionFactory' defined in class path resource [org/springframework/boot/autoconfigure/r2dbc/ConnectionFactoryConfigurations$PoolConfiguration$PooledConnectionFactoryConfiguration.class]: Bean instantiation via factory method failed; nested exception is org.springframework.beans.BeanInstantiationException: Failed to instantiate [io.r2dbc.pool.ConnectionPool]: Factory method 'connectionFactory' threw exception; nested exception is java.lang.IllegalStateException: Unable to create a ConnectionFactory for 'ConnectionFactoryOptions{options={schema=MovieTracking, database=postgres, host=localhost, driver=postgresql, password=REDACTED, port=5432, user=root}}'. Available drivers: [ pool ]
Caused by: org.springframework.beans.factory.BeanCreationException: Error creating bean with name 'connectionFactory' defined in class path resource [org/springframework/boot/autoconfigure/r2dbc/ConnectionFactoryConfigurations$PoolConfiguration$PooledConnectionFactoryConfiguration.class]: Bean instantiation via factory method failed; nested exception is org.springframework.beans.BeanInstantiationException: Failed to instantiate [io.r2dbc.pool.ConnectionPool]: Factory method 'connectionFactory' threw exception; nested exception is java.lang.IllegalStateException: Unable to create a ConnectionFactory for 'ConnectionFactoryOptions{options={schema=MovieTracking, database=postgres, host=localhost, driver=postgresql, password=REDACTED, port=5432, user=root}}'. Available drivers: [ pool ]
Caused by: org.springframework.beans.BeanInstantiationException: Failed to instantiate [io.r2dbc.pool.ConnectionPool]: Factory method 'connectionFactory' threw exception; nested exception is java.lang.IllegalStateException: Unable to create a ConnectionFactory for 'ConnectionFactoryOptions{options={schema=MovieTracking, database=postgres, host=localhost, driver=postgresql, password=REDACTED, port=5432, user=root}}'. Available drivers: [ pool ]
Caused by: java.lang.IllegalStateException: Unable to create a ConnectionFactory for 'ConnectionFactoryOptions{options={schema=MovieTracking, database=postgres, host=localhost, driver=postgresql, password=REDACTED, port=5432, user=root}}'. Available drivers: [ pool ]

